Simplified View of /home/matkinson/research/ncsm/ncsmc_python/ncsm_rgm_Am2_1_1.out:

(only includes bound states)

Threshold Energy = -58.7564 MeV
Groud State Energy = -55.4869 MeV


=========================================================================
Bound State Energy = -9.6079 MeV
J = 0.5
T = 0.5
Parity = -1

Details:
 #  1   i_p,p_chan,p_st=  1  1  1   i_t,t_st=  1  1   2*s=  1    l=  1
 #  2   i_p,p_chan,p_st=  1  1  1   i_t,t_st=  1  2   2*s=  3    l=  1
 #  3   i_p,p_chan,p_st=  1  1  1   i_t,t_st=  1  2   2*s=  5    l=  3

=========================================================================
Bound State Energy = -1.1571 MeV
J = 0.5
T = 0.5
Parity = 1

Details:
 #  1   i_p,p_chan,p_st=  1  1  1   i_t,t_st=  1  1   2*s=  1    l=  0
 #  2   i_p,p_chan,p_st=  1  1  1   i_t,t_st=  1  2   2*s=  3    l=  2
 #  3   i_p,p_chan,p_st=  1  1  1   i_t,t_st=  1  2   2*s=  5    l=  2

=========================================================================
Bound State Energy = -10.5759 MeV
J = 1.5
T = 0.5
Parity = -1

Details:
 #  1   i_p,p_chan,p_st=  1  1  1   i_t,t_st=  1  1   2*s=  1    l=  1
 #  2   i_p,p_chan,p_st=  1  1  1   i_t,t_st=  1  2   2*s=  3    l=  1
 #  3   i_p,p_chan,p_st=  1  1  1   i_t,t_st=  1  2   2*s=  3    l=  3
 #  4   i_p,p_chan,p_st=  1  1  1   i_t,t_st=  1  2   2*s=  5    l=  1
 #  5   i_p,p_chan,p_st=  1  1  1   i_t,t_st=  1  2   2*s=  5    l=  3

=========================================================================
Bound State Energy = -6.8765 MeV
J = 2.5
T = 0.5
Parity = -1

Details:
 #  1   i_p,p_chan,p_st=  1  1  1   i_t,t_st=  1  1   2*s=  1    l=  3
 #  2   i_p,p_chan,p_st=  1  1  1   i_t,t_st=  1  2   2*s=  3    l=  1
 #  3   i_p,p_chan,p_st=  1  1  1   i_t,t_st=  1  2   2*s=  3    l=  3
 #  4   i_p,p_chan,p_st=  1  1  1   i_t,t_st=  1  2   2*s=  5    l=  1
 #  5   i_p,p_chan,p_st=  1  1  1   i_t,t_st=  1  2   2*s=  5    l=  3
 #  6   i_p,p_chan,p_st=  1  1  1   i_t,t_st=  1  2   2*s=  5    l=  5

=========================================================================
Bound State Energy = -1.2142 MeV
J = 2.5
T = 0.5
Parity = 1

Details:
 #  1   i_p,p_chan,p_st=  1  1  1   i_t,t_st=  1  1   2*s=  1    l=  2
 #  2   i_p,p_chan,p_st=  1  1  1   i_t,t_st=  1  2   2*s=  3    l=  2
 #  3   i_p,p_chan,p_st=  1  1  1   i_t,t_st=  1  2   2*s=  3    l=  4
 #  4   i_p,p_chan,p_st=  1  1  1   i_t,t_st=  1  2   2*s=  5    l=  0
 #  5   i_p,p_chan,p_st=  1  1  1   i_t,t_st=  1  2   2*s=  5    l=  2
 #  6   i_p,p_chan,p_st=  1  1  1   i_t,t_st=  1  2   2*s=  5    l=  4

=========================================================================
Bound State Energy = -4.5599 MeV
J = 3.5
T = 0.5
Parity = -1

Details:
 #  1   i_p,p_chan,p_st=  1  1  1   i_t,t_st=  1  1   2*s=  1    l=  3
 #  2   i_p,p_chan,p_st=  1  1  1   i_t,t_st=  1  2   2*s=  3    l=  3
 #  3   i_p,p_chan,p_st=  1  1  1   i_t,t_st=  1  2   2*s=  3    l=  5
 #  4   i_p,p_chan,p_st=  1  1  1   i_t,t_st=  1  2   2*s=  5    l=  1
 #  5   i_p,p_chan,p_st=  1  1  1   i_t,t_st=  1  2   2*s=  5    l=  3
 #  6   i_p,p_chan,p_st=  1  1  1   i_t,t_st=  1  2   2*s=  5    l=  5

=========================================================================
